<?xml version="1.0" encoding="UTF-8"?>
<!-- Generated by org.testng.reporters.JUnitXMLReporter -->
<testsuite ignored="0" hostname="Student" failures="0" tests="6" name="Surefire test" time="21.039" errors="0" timestamp="2022-07-27T22:22:45 EDT">
  <testcase classname="craftsoftware.CapTest" name="aLanding_test" time="0.313"/>
  <testcase classname="craftsoftware.CapTest" name="bRegistration_test" time="0.506"/>
  <testcase classname="craftsoftware.CapTest" name="cLogin_test" time="5.494"/>
  <testcase classname="craftsoftware.CapTest" name="dProduct_test" time="8.71"/>
  <testcase classname="craftsoftware.CapTest" name="eCartLink_test" time="0.72"/>
  <testcase classname="craftsoftware.CapTest" name="fCart_test" time="1.88"/>
</testsuite> <!-- Surefire test -->
