<?xml version="1.0" encoding="UTF-8"?>
<!-- Generated by org.testng.reporters.JUnitXMLReporter -->
<testsuite ignored="0" hostname="Student" failures="0" tests="6" name="Default test" time="20.135" errors="0" timestamp="2022-08-02T22:59:08 EDT">
  <testcase classname="craftsoftware.CapTest" name="aLanding_test" time="0.222"/>
  <testcase classname="craftsoftware.CapTest" name="bRegistration_test" time="0.643"/>
  <testcase classname="craftsoftware.CapTest" name="cLogin_test" time="4.583"/>
  <testcase classname="craftsoftware.CapTest" name="dProduct_test" time="8.861"/>
  <testcase classname="craftsoftware.CapTest" name="eCartLink_test" time="0.613"/>
  <testcase classname="craftsoftware.CapTest" name="fCart_test" time="1.037"/>
</testsuite> <!-- Default test -->
