<?xml version="1.0" encoding="UTF-8"?>
<!-- Generated by org.testng.reporters.JUnitXMLReporter -->
<testsuite ignored="0" hostname="Student" failures="0" tests="6" name="Test" time="21.756" errors="0" timestamp="2022-07-27T22:56:56 EDT">
  <testcase classname="craftsoftware.CapTest" name="aLanding_test" time="0.253"/>
  <testcase classname="craftsoftware.CapTest" name="bRegistration_test" time="0.781"/>
  <testcase classname="craftsoftware.CapTest" name="cLogin_test" time="5.61"/>
  <testcase classname="craftsoftware.CapTest" name="dProduct_test" time="8.222"/>
  <testcase classname="craftsoftware.CapTest" name="eCartLink_test" time="0.941"/>
  <testcase classname="craftsoftware.CapTest" name="fCart_test" time="2.536"/>
</testsuite> <!-- Test -->
