<?xml version="1.0" encoding="UTF-8"?>
<testsuite xmlns:xsi="http://www.w3.org/2001/XMLSchema-instance" xsi:noNamespaceSchemaLocation="https://maven.apache.org/surefire/maven-surefire-plugin/xsd/surefire-test-report.xsd" name="craftsoftware.CapTest" time="22.008" tests="6" errors="0" skipped="0" failures="0">
  <properties>
[...]
</properties>
  <testcase name="aLanding_test" classname="craftsoftware.CapTest" time="0.316"/>
  <testcase name="bRegistration_test" classname="craftsoftware.CapTest" time="0.505"/>
  <testcase name="cLogin_test" classname="craftsoftware.CapTest" time="5.493"/>
  <testcase name="dProduct_test" classname="craftsoftware.CapTest" time="8.71"/>
  <testcase name="eCartLink_test" classname="craftsoftware.CapTest" time="0.72"/>
  <testcase name="fCart_test" classname="craftsoftware.CapTest" time="1.88"/>
</testsuite>