<?xml version="1.0" encoding="UTF-8"?>
<testng-results ignored="0" total="6" passed="6" failed="0" skipped="0">
  <reporter-output>
  </reporter-output>
  <suite started-at="2022-07-27T22:22:24 EDT" name="Surefire suite" finished-at="2022-07-27T22:22:45 EDT" duration-ms="21039">
    <groups>
    </groups>
    <test started-at="2022-07-27T22:22:24 EDT" name="Surefire test" finished-at="2022-07-27T22:22:45 EDT" duration-ms="21039">
      <class name="craftsoftware.CapTest">
        <test-method is-config="true" signature="broweapplication()[pri:0, instance:craftsoftware.CapTest@2b71e916]" started-at="2022-07-27T22:22:24 EDT" name="broweapplication" finished-at="2022-07-27T22:22:27 EDT" duration-ms="3159" status="PASS">
          <reporter-output>
          </reporter-output>
        </test-method> <!-- broweapplication -->
        <test-method signature="aLanding_test()[pri:0, instance:craftsoftware.CapTest@2b71e916]" started-at="2022-07-27T22:22:27 EDT" name="aLanding_test" finished-at="2022-07-27T22:22:28 EDT" duration-ms="313" status="PASS">
          <reporter-output>
          </reporter-output>
        </test-method> <!-- aLanding_test -->
        <test-method signature="bRegistration_test()[pri:0, instance:craftsoftware.CapTest@2b71e916]" started-at="2022-07-27T22:22:28 EDT" name="bRegistration_test" finished-at="2022-07-27T22:22:28 EDT" duration-ms="506" status="PASS">
          <reporter-output>
          </reporter-output>
        </test-method> <!-- bRegistration_test -->
        <test-method signature="cLogin_test()[pri:0, instance:craftsoftware.CapTest@2b71e916]" started-at="2022-07-27T22:22:28 EDT" name="cLogin_test" finished-at="2022-07-27T22:22:34 EDT" duration-ms="5494" status="PASS">
          <reporter-output>
          </reporter-output>
        </test-method> <!-- cLogin_test -->
        <test-method signature="dProduct_test()[pri:0, instance:craftsoftware.CapTest@2b71e916]" started-at="2022-07-27T22:22:34 EDT" name="dProduct_test" finished-at="2022-07-27T22:22:42 EDT" duration-ms="8710" status="PASS">
          <reporter-output>
          </reporter-output>
        </test-method> <!-- dProduct_test -->
        <test-method signature="eCartLink_test()[pri:0, instance:craftsoftware.CapTest@2b71e916]" started-at="2022-07-27T22:22:42 EDT" name="eCartLink_test" finished-at="2022-07-27T22:22:43 EDT" duration-ms="720" status="PASS">
          <reporter-output>
          </reporter-output>
        </test-method> <!-- eCartLink_test -->
        <test-method signature="fCart_test()[pri:0, instance:craftsoftware.CapTest@2b71e916]" started-at="2022-07-27T22:22:43 EDT" name="fCart_test" finished-at="2022-07-27T22:22:45 EDT" duration-ms="1880" status="PASS">
          <reporter-output>
          </reporter-output>
        </test-method> <!-- fCart_test -->
        <test-method is-config="true" signature="terminate_browser()[pri:0, instance:craftsoftware.CapTest@2b71e916]" started-at="2022-07-27T22:22:45 EDT" name="terminate_browser" finished-at="2022-07-27T22:22:45 EDT" duration-ms="172" status="PASS">
          <reporter-output>
          </reporter-output>
        </test-method> <!-- terminate_browser -->
      </class> <!-- craftsoftware.CapTest -->
    </test> <!-- Surefire test -->
  </suite> <!-- Surefire suite -->
</testng-results>
