<?xml version="1.0" encoding="UTF-8"?>
<testng-results ignored="0" total="6" passed="6" failed="0" skipped="0">
  <reporter-output>
  </reporter-output>
  <suite started-at="2022-08-02T22:58:47 EDT" name="Default suite" finished-at="2022-08-02T22:59:08 EDT" duration-ms="20135">
    <groups>
    </groups>
    <test started-at="2022-08-02T22:58:47 EDT" name="Default test" finished-at="2022-08-02T22:59:08 EDT" duration-ms="20135">
      <class name="craftsoftware.CapTest">
        <test-method is-config="true" signature="broweapplication()[pri:0, instance:craftsoftware.CapTest@6babf3bf]" started-at="2022-08-02T22:58:47 EDT" name="broweapplication" finished-at="2022-08-02T22:58:51 EDT" duration-ms="3989" status="PASS">
          <reporter-output>
          </reporter-output>
        </test-method> <!-- broweapplication -->
        <test-method signature="aLanding_test()[pri:0, instance:craftsoftware.CapTest@6babf3bf]" started-at="2022-08-02T22:58:51 EDT" name="aLanding_test" finished-at="2022-08-02T22:58:52 EDT" duration-ms="222" status="PASS">
          <reporter-output>
          </reporter-output>
        </test-method> <!-- aLanding_test -->
        <test-method signature="bRegistration_test()[pri:0, instance:craftsoftware.CapTest@6babf3bf]" started-at="2022-08-02T22:58:52 EDT" name="bRegistration_test" finished-at="2022-08-02T22:58:52 EDT" duration-ms="643" status="PASS">
          <reporter-output>
          </reporter-output>
        </test-method> <!-- bRegistration_test -->
        <test-method signature="cLogin_test()[pri:0, instance:craftsoftware.CapTest@6babf3bf]" started-at="2022-08-02T22:58:52 EDT" name="cLogin_test" finished-at="2022-08-02T22:58:57 EDT" duration-ms="4583" status="PASS">
          <reporter-output>
          </reporter-output>
        </test-method> <!-- cLogin_test -->
        <test-method signature="dProduct_test()[pri:0, instance:craftsoftware.CapTest@6babf3bf]" started-at="2022-08-02T22:58:57 EDT" name="dProduct_test" finished-at="2022-08-02T22:59:06 EDT" duration-ms="8861" status="PASS">
          <reporter-output>
          </reporter-output>
        </test-method> <!-- dProduct_test -->
        <test-method signature="eCartLink_test()[pri:0, instance:craftsoftware.CapTest@6babf3bf]" started-at="2022-08-02T22:59:06 EDT" name="eCartLink_test" finished-at="2022-08-02T22:59:06 EDT" duration-ms="613" status="PASS">
          <reporter-output>
          </reporter-output>
        </test-method> <!-- eCartLink_test -->
        <test-method signature="fCart_test()[pri:0, instance:craftsoftware.CapTest@6babf3bf]" started-at="2022-08-02T22:59:06 EDT" name="fCart_test" finished-at="2022-08-02T22:59:07 EDT" duration-ms="1037" status="PASS">
          <reporter-output>
          </reporter-output>
        </test-method> <!-- fCart_test -->
        <test-method is-config="true" signature="terminate_browser()[pri:0, instance:craftsoftware.CapTest@6babf3bf]" started-at="2022-08-02T22:59:07 EDT" name="terminate_browser" finished-at="2022-08-02T22:59:08 EDT" duration-ms="111" status="PASS">
          <reporter-output>
          </reporter-output>
        </test-method> <!-- terminate_browser -->
      </class> <!-- craftsoftware.CapTest -->
    </test> <!-- Default test -->
  </suite> <!-- Default suite -->
</testng-results>
